[2022-06-26 00:53:27] request.INFO: Matched route "admin_themes_import". {"route":"admin_themes_import","route_parameters":{"_controller":"PrestaShopBundle\\Controller\\Admin\\Improve\\Design\\ThemeController::importAction","_legacy_controller":"AdminThemes","_legacy_link":"AdminThemes:importtheme","_route":"admin_themes_import"},"request_uri":"http://fleci.eu/admin_ps/index.php/improve/design/themes/import?_token=SS4QkdxN-RVyp4eZ2WSy7CVgyX5I2SjPwBHJVRnc03M","method":"POST"} []
[2022-06-26 00:53:27] security.DEBUG: Read existing security token from the session. {"key":"_security_main","token_class":"Symfony\\Component\\Security\\Core\\Authentication\\Token\\UsernamePasswordToken"} []
[2022-06-26 00:53:27] security.DEBUG: User was reloaded from a user provider. {"provider":"PrestaShopBundle\\Security\\Admin\\EmployeeProvider","username":"bensalah1fr@yahoo.fr"} []
[2022-06-26 00:53:28] app.ERROR: No result was found for query although at least one row was expected. {"object_type":"Translation"} []
[2022-06-26 00:53:28] app.ERROR: No result was found for query although at least one row was expected. {"object_type":"Translation"} []
[2022-06-26 00:53:28] app.ERROR: No result was found for query although at least one row was expected. {"object_type":"Translation"} []
[2022-06-26 00:53:28] app.ERROR: No result was found for query although at least one row was expected. {"object_type":"Translation"} []
[2022-06-26 00:53:28] app.ERROR: No result was found for query although at least one row was expected. {"object_type":"Translation"} []
[2022-06-26 00:53:28] app.ERROR: No result was found for query although at least one row was expected. {"object_type":"Translation"} []
[2022-06-26 00:53:28] app.ERROR: No result was found for query although at least one row was expected. {"object_type":"Translation"} []
[2022-06-26 00:53:28] app.ERROR: No result was found for query although at least one row was expected. {"object_type":"Translation"} []
[2022-06-26 00:53:28] app.ERROR: No result was found for query although at least one row was expected. {"object_type":"Translation"} []
[2022-06-26 00:53:28] app.ERROR: No result was found for query although at least one row was expected. {"object_type":"Translation"} []
[2022-06-26 00:53:28] app.ERROR: No result was found for query although at least one row was expected. {"object_type":"Translation"} []
[2022-06-26 00:53:28] app.ERROR: No result was found for query although at least one row was expected. {"object_type":"Translation"} []
[2022-06-26 00:53:28] app.ERROR: No result was found for query although at least one row was expected. {"object_type":"Translation"} []
[2022-06-26 00:53:28] app.ERROR: No result was found for query although at least one row was expected. {"object_type":"Translation"} []
[2022-06-26 00:53:28] app.ERROR: No result was found for query although at least one row was expected. {"object_type":"Translation"} []
[2022-06-26 00:53:28] app.ERROR: No result was found for query although at least one row was expected. {"object_type":"Translation"} []
[2022-06-26 00:53:28] app.ERROR: No result was found for query although at least one row was expected. {"object_type":"Translation"} []
[2022-06-26 00:53:28] app.ERROR: No result was found for query although at least one row was expected. {"object_type":"Translation"} []
[2022-06-26 00:53:28] app.ERROR: You must specify as many arguments (%d, %s ...) as the original string. {"object_type":"Translation"} []
[2022-06-26 00:53:28] app.ERROR: No result was found for query although at least one row was expected. {"object_type":"Translation"} []
[2022-06-26 00:53:28] app.ERROR: No result was found for query although at least one row was expected. {"object_type":"Translation"} []
[2022-06-26 00:53:28] app.ERROR: No result was found for query although at least one row was expected. {"object_type":"Translation"} []
[2022-06-26 00:53:28] app.ERROR: No result was found for query although at least one row was expected. {"object_type":"Translation"} []
[2022-06-26 00:53:28] app.ERROR: You must specify as many arguments (%d, %s ...) as the original string. {"object_type":"Translation"} []
[2022-06-26 00:53:28] app.ERROR: No result was found for query although at least one row was expected. {"object_type":"Translation"} []
[2022-06-26 00:53:28] app.ERROR: No result was found for query although at least one row was expected. {"object_type":"Translation"} []
[2022-06-26 00:53:28] app.ERROR: No result was found for query although at least one row was expected. {"object_type":"Translation"} []
[2022-06-26 00:53:28] app.ERROR: No result was found for query although at least one row was expected. {"object_type":"Translation"} []
[2022-06-26 00:53:28] app.ERROR: No result was found for query although at least one row was expected. {"object_type":"Translation"} []
[2022-06-26 00:53:28] app.ERROR: No result was found for query although at least one row was expected. {"object_type":"Translation"} []
[2022-06-26 00:53:28] app.ERROR: No result was found for query although at least one row was expected. {"object_type":"Translation"} []
[2022-06-26 00:53:28] app.ERROR: No result was found for query although at least one row was expected. {"object_type":"Translation"} []
[2022-06-26 00:53:28] app.ERROR: No result was found for query although at least one row was expected. {"object_type":"Translation"} []
[2022-06-26 00:53:28] app.ERROR: No result was found for query although at least one row was expected. {"object_type":"Translation"} []
[2022-06-26 00:53:28] app.ERROR: No result was found for query although at least one row was expected. {"object_type":"Translation"} []
[2022-06-26 00:53:29] security.DEBUG: Stored the security token in the session. {"key":"_security_main"} []
[2022-08-15 21:53:12] request.INFO: Matched route "api_translation_value_reset". {"route":"api_translation_value_reset","route_parameters":{"_controller":"prestashop.core.api.translation.controller:translationResetAction","_legacy_controller":"AdminTranslations","_route":"api_translation_value_reset"},"request_uri":"http://fleci.eu/admin_ps/index.php/api/translations/reset?_token=MxDePJpCFjeEFE2m1pkqltPPieZRzPgzm_6poOYWZIw","method":"POST"} []
[2022-08-15 21:53:12] security.DEBUG: Read existing security token from the session. {"key":"_security_main","token_class":"Symfony\\Component\\Security\\Core\\Authentication\\Token\\UsernamePasswordToken"} []
[2022-08-15 21:53:12] security.DEBUG: User was reloaded from a user provider. {"provider":"PrestaShopBundle\\Security\\Admin\\EmployeeProvider","username":"yacoub.imed.d@gmail.com"} []
[2022-08-15 21:53:12] app.ERROR: EntityManager#remove() expects parameter 1 to be an entity object, NULL given. [] []
[2022-08-15 21:53:12] cache.WARNING: Failed to clear the cache {"exception":"[object] (UnexpectedValueException(code: 0): RecursiveDirectoryIterator::__construct(/home/admin/sites/fleci/var/cache/prod/pools/5bT2bqC8gY/): failed to open dir: No such file or directory at /home/admin/sites/fleci/vendor/symfony/symfony/src/Symfony/Component/Cache/Traits/FilesystemCommonTrait.php:58)"} []
[2022-08-15 21:53:12] cache.WARNING: Failed to clear the cache {"exception":"[object] (UnexpectedValueException(code: 0): RecursiveDirectoryIterator::__construct(/home/admin/sites/fleci/var/cache/prod/pools/ESRgwDcEJz/): failed to open dir: No such file or directory at /home/admin/sites/fleci/vendor/symfony/symfony/src/Symfony/Component/Cache/Traits/FilesystemCommonTrait.php:58)"} []
[2022-08-15 21:53:12] cache.WARNING: Failed to clear the cache {"exception":"[object] (UnexpectedValueException(code: 0): RecursiveDirectoryIterator::__construct(/home/admin/sites/fleci/var/cache/prod/pools/J4sFMv1LIt/): failed to open dir: No such file or directory at /home/admin/sites/fleci/vendor/symfony/symfony/src/Symfony/Component/Cache/Traits/FilesystemCommonTrait.php:58)"} []
[2022-08-15 21:53:12] cache.WARNING: Failed to clear the cache {"exception":"[object] (UnexpectedValueException(code: 0): RecursiveDirectoryIterator::__construct(/home/admin/sites/fleci/var/cache/prod/pools/2J-PNZeM+D/): failed to open dir: No such file or directory at /home/admin/sites/fleci/vendor/symfony/symfony/src/Symfony/Component/Cache/Traits/FilesystemCommonTrait.php:58)"} []
[2022-08-15 21:53:12] security.DEBUG: Stored the security token in the session. {"key":"_security_main"} []
[2022-09-11 01:08:39] request.INFO: Matched route "admin_module_import". {"route":"admin_module_import","route_parameters":{"module_name":null,"_controller":"PrestaShopBundle\\Controller\\Admin\\Improve\\ModuleController::importModuleAction","_route":"admin_module_import"},"request_uri":"http://fleci.eu/admin_ps/index.php/improve/modules/import?_token=yTv7U93dekGqQOulaP4ENnjEX_DbjgtOlEW3SewvzrA","method":"POST"} []
[2022-09-11 01:08:39] security.DEBUG: Read existing security token from the session. {"key":"_security_main","token_class":"Symfony\\Component\\Security\\Core\\Authentication\\Token\\UsernamePasswordToken"} []
[2022-09-11 01:08:39] security.DEBUG: User was reloaded from a user provider. {"provider":"PrestaShopBundle\\Security\\Admin\\EmployeeProvider","username":"bensalah1fr@yahoo.fr"} []
[2022-09-11 01:08:39] request.CRITICAL: Uncaught PHP Exception Exception: "Ce fichier ne semble pas être un fichier .zip de module valide." at /home/admin/sites/fleci/src/Adapter/Module/ModuleZipManager.php line 139 {"exception":"[object] (Exception(code: 0): Ce fichier ne semble pas être un fichier .zip de module valide. at /home/admin/sites/fleci/src/Adapter/Module/ModuleZipManager.php:139)"} []
[2022-09-11 01:08:39] security.DEBUG: Stored the security token in the session. {"key":"_security_main"} []
[2022-09-11 01:09:00] request.INFO: Matched route "admin_module_import". {"route":"admin_module_import","route_parameters":{"module_name":null,"_controller":"PrestaShopBundle\\Controller\\Admin\\Improve\\ModuleController::importModuleAction","_route":"admin_module_import"},"request_uri":"http://fleci.eu/admin_ps/index.php/improve/modules/import?_token=yTv7U93dekGqQOulaP4ENnjEX_DbjgtOlEW3SewvzrA","method":"POST"} []
[2022-09-11 01:09:00] security.DEBUG: Read existing security token from the session. {"key":"_security_main","token_class":"Symfony\\Component\\Security\\Core\\Authentication\\Token\\UsernamePasswordToken"} []
[2022-09-11 01:09:00] security.DEBUG: User was reloaded from a user provider. {"provider":"PrestaShopBundle\\Security\\Admin\\EmployeeProvider","username":"bensalah1fr@yahoo.fr"} []
[2022-09-11 01:09:00] request.CRITICAL: Uncaught PHP Exception Exception: "Ce fichier ne semble pas être un fichier .zip de module valide." at /home/admin/sites/fleci/src/Adapter/Module/ModuleZipManager.php line 139 {"exception":"[object] (Exception(code: 0): Ce fichier ne semble pas être un fichier .zip de module valide. at /home/admin/sites/fleci/src/Adapter/Module/ModuleZipManager.php:139)"} []
[2022-09-11 01:09:00] security.DEBUG: Stored the security token in the session. {"key":"_security_main"} []
[2022-09-11 01:18:38] request.INFO: Matched route "admin_module_manage_action". {"route":"admin_module_manage_action","route_parameters":{"_controller":"PrestaShopBundle\\Controller\\Admin\\Improve\\ModuleController::moduleAction","action":"install","module_name":"vrpayecommerce","_route":"admin_module_manage_action"},"request_uri":"http://fleci.eu/admin_ps/index.php/improve/modules/manage/action/install/vrpayecommerce?_token=yTv7U93dekGqQOulaP4ENnjEX_DbjgtOlEW3SewvzrA","method":"POST"} []
[2022-09-11 01:18:38] security.DEBUG: Read existing security token from the session. {"key":"_security_main","token_class":"Symfony\\Component\\Security\\Core\\Authentication\\Token\\UsernamePasswordToken"} []
[2022-09-11 01:18:38] security.DEBUG: User was reloaded from a user provider. {"provider":"PrestaShopBundle\\Security\\Admin\\EmployeeProvider","username":"bensalah1fr@yahoo.fr"} []
[2022-09-11 01:18:38] app.ERROR: Exception retournée par le module vrpayecommerce pour install. Le module vrpayecommerce n'a pas été trouvé sur Addons. {"object_type":"Module","object_id":0} []
[2022-09-11 01:18:38] security.DEBUG: Stored the security token in the session. {"key":"_security_main"} []
[2022-09-11 01:18:49] request.INFO: Matched route "admin_module_manage_action". {"route":"admin_module_manage_action","route_parameters":{"_controller":"PrestaShopBundle\\Controller\\Admin\\Improve\\ModuleController::moduleAction","action":"install","module_name":"vrpayecommerce","_route":"admin_module_manage_action"},"request_uri":"http://fleci.eu/admin_ps/index.php/improve/modules/manage/action/install/vrpayecommerce?_token=yTv7U93dekGqQOulaP4ENnjEX_DbjgtOlEW3SewvzrA","method":"POST"} []
[2022-09-11 01:18:49] security.DEBUG: Read existing security token from the session. {"key":"_security_main","token_class":"Symfony\\Component\\Security\\Core\\Authentication\\Token\\UsernamePasswordToken"} []
[2022-09-11 01:18:49] security.DEBUG: User was reloaded from a user provider. {"provider":"PrestaShopBundle\\Security\\Admin\\EmployeeProvider","username":"bensalah1fr@yahoo.fr"} []
[2022-09-11 01:18:49] app.ERROR: Exception retournée par le module vrpayecommerce pour install. Le module vrpayecommerce n'a pas été trouvé sur Addons. {"object_type":"Module","object_id":0} []
[2022-09-11 01:18:49] security.DEBUG: Stored the security token in the session. {"key":"_security_main"} []
